[0.606s] Invoking command in '/home/server/pc_ws/src/ros2_bot/ros2_bot': PYTHONPATH=/home/server/pc_ws/build/ros2_bot/prefix_override:/home/server/pc_ws/install/ros2_bot/lib/python3.10/site-packages:${PYTHONPATH} /usr/bin/python3 setup.py egg_info --egg-base ../../../build/ros2_bot build --build-base /home/server/pc_ws/build/ros2_bot/build install --record /home/server/pc_ws/build/ros2_bot/install.log --single-version-externally-managed
[0.837s] running egg_info
[0.837s] writing ../../../build/ros2_bot/ros2_bot.egg-info/PKG-INFO
[0.837s] writing dependency_links to ../../../build/ros2_bot/ros2_bot.egg-info/dependency_links.txt
[0.838s] writing entry points to ../../../build/ros2_bot/ros2_bot.egg-info/entry_points.txt
[0.838s] writing requirements to ../../../build/ros2_bot/ros2_bot.egg-info/requires.txt
[0.838s] writing top-level names to ../../../build/ros2_bot/ros2_bot.egg-info/top_level.txt
[0.839s] reading manifest file '../../../build/ros2_bot/ros2_bot.egg-info/SOURCES.txt'
[0.840s] writing manifest file '../../../build/ros2_bot/ros2_bot.egg-info/SOURCES.txt'
[0.840s] running build
[0.840s] running build_py
[0.841s] running install
[0.841s] running install_lib
[0.842s] running install_data
[0.842s] copying launch/gazebo.launch.py -> /home/server/pc_ws/install/ros2_bot/share/ros2_bot/launch
[0.843s] creating /home/server/pc_ws/install/ros2_bot/share/ros2_bot/worlds
[0.843s] copying worlds/mophong.world -> /home/server/pc_ws/install/ros2_bot/share/ros2_bot/worlds
[0.843s] running install_egg_info
[0.844s] removing '/home/server/pc_ws/install/ros2_bot/lib/python3.10/site-packages/ros2_bot-0.0.0-py3.10.egg-info' (and everything under it)
[0.844s] Copying ../../../build/ros2_bot/ros2_bot.egg-info to /home/server/pc_ws/install/ros2_bot/lib/python3.10/site-packages/ros2_bot-0.0.0-py3.10.egg-info
[0.845s] running install_scripts
[0.862s] writing list of installed files to '/home/server/pc_ws/build/ros2_bot/install.log'
[0.886s] Invoked command in '/home/server/pc_ws/src/ros2_bot/ros2_bot' returned '0': PYTHONPATH=/home/server/pc_ws/build/ros2_bot/prefix_override:/home/server/pc_ws/install/ros2_bot/lib/python3.10/site-packages:${PYTHONPATH} /usr/bin/python3 setup.py egg_info --egg-base ../../../build/ros2_bot build --build-base /home/server/pc_ws/build/ros2_bot/build install --record /home/server/pc_ws/build/ros2_bot/install.log --single-version-externally-managed
