[0.639s] Invoking command in '/home/server/pc_ws/src/ros2_bot/ros2_bot': PYTHONPATH=/home/server/pc_ws/build/ros2_bot/prefix_override:/home/server/pc_ws/install/ros2_bot/lib/python3.10/site-packages:${PYTHONPATH} /usr/bin/python3 setup.py egg_info --egg-base ../../../build/ros2_bot build --build-base /home/server/pc_ws/build/ros2_bot/build install --record /home/server/pc_ws/build/ros2_bot/install.log --single-version-externally-managed
[0.870s] running egg_info
[0.871s] writing ../../../build/ros2_bot/ros2_bot.egg-info/PKG-INFO
[0.871s] writing dependency_links to ../../../build/ros2_bot/ros2_bot.egg-info/dependency_links.txt
[0.872s] writing entry points to ../../../build/ros2_bot/ros2_bot.egg-info/entry_points.txt
[0.872s] writing requirements to ../../../build/ros2_bot/ros2_bot.egg-info/requires.txt
[0.872s] writing top-level names to ../../../build/ros2_bot/ros2_bot.egg-info/top_level.txt
[0.873s] reading manifest file '../../../build/ros2_bot/ros2_bot.egg-info/SOURCES.txt'
[0.874s] writing manifest file '../../../build/ros2_bot/ros2_bot.egg-info/SOURCES.txt'
[0.874s] running build
[0.874s] running build_py
[0.875s] running install
[0.875s] running install_lib
[0.876s] running install_data
[0.876s] copying urdf/ros2_bot.urdf -> /home/server/pc_ws/install/ros2_bot/share/ros2_bot/urdf
[0.877s] copying config/my_controllers.yaml -> /home/server/pc_ws/install/ros2_bot/share/ros2_bot/config
[0.877s] running install_egg_info
[0.878s] removing '/home/server/pc_ws/install/ros2_bot/lib/python3.10/site-packages/ros2_bot-0.0.0-py3.10.egg-info' (and everything under it)
[0.879s] Copying ../../../build/ros2_bot/ros2_bot.egg-info to /home/server/pc_ws/install/ros2_bot/lib/python3.10/site-packages/ros2_bot-0.0.0-py3.10.egg-info
[0.879s] running install_scripts
[0.896s] writing list of installed files to '/home/server/pc_ws/build/ros2_bot/install.log'
[0.920s] Invoked command in '/home/server/pc_ws/src/ros2_bot/ros2_bot' returned '0': PYTHONPATH=/home/server/pc_ws/build/ros2_bot/prefix_override:/home/server/pc_ws/install/ros2_bot/lib/python3.10/site-packages:${PYTHONPATH} /usr/bin/python3 setup.py egg_info --egg-base ../../../build/ros2_bot build --build-base /home/server/pc_ws/build/ros2_bot/build install --record /home/server/pc_ws/build/ros2_bot/install.log --single-version-externally-managed
