[0.763s] Invoking command in '/home/server/pc_ws/src/ros2_bot/ros2_bot': PYTHONPATH=/home/server/pc_ws/build/ros2_bot/prefix_override:/home/server/pc_ws/install/ros2_bot/lib/python3.10/site-packages:${PYTHONPATH} /usr/bin/python3 setup.py egg_info --egg-base ../../../build/ros2_bot build --build-base /home/server/pc_ws/build/ros2_bot/build install --record /home/server/pc_ws/build/ros2_bot/install.log --single-version-externally-managed
[1.058s] running egg_info
[1.058s] writing ../../../build/ros2_bot/ros2_bot.egg-info/PKG-INFO
[1.059s] writing dependency_links to ../../../build/ros2_bot/ros2_bot.egg-info/dependency_links.txt
[1.059s] writing entry points to ../../../build/ros2_bot/ros2_bot.egg-info/entry_points.txt
[1.059s] writing requirements to ../../../build/ros2_bot/ros2_bot.egg-info/requires.txt
[1.059s] writing top-level names to ../../../build/ros2_bot/ros2_bot.egg-info/top_level.txt
[1.061s] reading manifest file '../../../build/ros2_bot/ros2_bot.egg-info/SOURCES.txt'
[1.062s] writing manifest file '../../../build/ros2_bot/ros2_bot.egg-info/SOURCES.txt'
[1.062s] running build
[1.062s] running build_py
[1.062s] running install
[1.062s] running install_lib
[1.064s] running install_data
[1.064s] copying urdf/ros2_bot.urdf -> /home/server/pc_ws/install/ros2_bot/share/ros2_bot/urdf
[1.065s] running install_egg_info
[1.066s] removing '/home/server/pc_ws/install/ros2_bot/lib/python3.10/site-packages/ros2_bot-0.0.0-py3.10.egg-info' (and everything under it)
[1.066s] Copying ../../../build/ros2_bot/ros2_bot.egg-info to /home/server/pc_ws/install/ros2_bot/lib/python3.10/site-packages/ros2_bot-0.0.0-py3.10.egg-info
[1.067s] running install_scripts
[1.094s] writing list of installed files to '/home/server/pc_ws/build/ros2_bot/install.log'
[1.131s] Invoked command in '/home/server/pc_ws/src/ros2_bot/ros2_bot' returned '0': PYTHONPATH=/home/server/pc_ws/build/ros2_bot/prefix_override:/home/server/pc_ws/install/ros2_bot/lib/python3.10/site-packages:${PYTHONPATH} /usr/bin/python3 setup.py egg_info --egg-base ../../../build/ros2_bot build --build-base /home/server/pc_ws/build/ros2_bot/build install --record /home/server/pc_ws/build/ros2_bot/install.log --single-version-externally-managed
