/home/server/pc_ws/install/ros2_bot/lib/python3.10/site-packages/ros2_bot/__init__.py
/home/server/pc_ws/install/ros2_bot/lib/python3.10/site-packages/ros2_bot/__pycache__/__init__.cpython-310.pyc
/home/server/pc_ws/install/ros2_bot/share/ament_index/resource_index/packages/ros2_bot
/home/server/pc_ws/install/ros2_bot/share/ros2_bot/package.xml
/home/server/pc_ws/install/ros2_bot/share/ros2_bot/urdf/ros2_bot.urdf
/home/server/pc_ws/install/ros2_bot/share/ros2_bot/launch/gazebo.launch.py
/home/server/pc_ws/install/ros2_bot/share/ros2_bot/launch/display.launch.py
/home/server/pc_ws/install/ros2_bot/share/ros2_bot/launch/rs_intra_process_demo_launch.py
/home/server/pc_ws/install/ros2_bot/share/ros2_bot/launch/rs_multi_camera_launch.py
/home/server/pc_ws/install/ros2_bot/share/ros2_bot/launch/rs_launch.py
/home/server/pc_ws/install/ros2_bot/share/ros2_bot/meshes/left_wheel_link.STL
/home/server/pc_ws/install/ros2_bot/share/ros2_bot/meshes/right_wheel_link.STL
/home/server/pc_ws/install/ros2_bot/share/ros2_bot/meshes/camera_link.STL
/home/server/pc_ws/install/ros2_bot/share/ros2_bot/meshes/base_link.STL
/home/server/pc_ws/install/ros2_bot/share/ros2_bot/meshes/wheel_caster_link.STL
/home/server/pc_ws/install/ros2_bot/share/ros2_bot/meshes/base_caster_link.STL
/home/server/pc_ws/install/ros2_bot/share/ros2_bot/config/my_controllers.yaml
/home/server/pc_ws/install/ros2_bot/share/ros2_bot/worlds/mophong.world
/home/server/pc_ws/install/ros2_bot/lib/python3.10/site-packages/ros2_bot-0.0.0-py3.10.egg-info/dependency_links.txt
/home/server/pc_ws/install/ros2_bot/lib/python3.10/site-packages/ros2_bot-0.0.0-py3.10.egg-info/requires.txt
/home/server/pc_ws/install/ros2_bot/lib/python3.10/site-packages/ros2_bot-0.0.0-py3.10.egg-info/SOURCES.txt
/home/server/pc_ws/install/ros2_bot/lib/python3.10/site-packages/ros2_bot-0.0.0-py3.10.egg-info/zip-safe
/home/server/pc_ws/install/ros2_bot/lib/python3.10/site-packages/ros2_bot-0.0.0-py3.10.egg-info/PKG-INFO
/home/server/pc_ws/install/ros2_bot/lib/python3.10/site-packages/ros2_bot-0.0.0-py3.10.egg-info/top_level.txt
/home/server/pc_ws/install/ros2_bot/lib/python3.10/site-packages/ros2_bot-0.0.0-py3.10.egg-info/entry_points.txt
