[0.686s] Invoking command in '/home/server/pc_ws/src/ros2_bot/ros2_bot': PYTHONPATH=/home/server/pc_ws/build/ros2_bot/prefix_override:/home/server/pc_ws/install/ros2_bot/lib/python3.10/site-packages:${PYTHONPATH} /usr/bin/python3 setup.py egg_info --egg-base ../../../build/ros2_bot build --build-base /home/server/pc_ws/build/ros2_bot/build install --record /home/server/pc_ws/build/ros2_bot/install.log --single-version-externally-managed
[0.937s] running egg_info
[0.938s] writing ../../../build/ros2_bot/ros2_bot.egg-info/PKG-INFO
[0.938s] writing dependency_links to ../../../build/ros2_bot/ros2_bot.egg-info/dependency_links.txt
[0.938s] writing entry points to ../../../build/ros2_bot/ros2_bot.egg-info/entry_points.txt
[0.938s] writing requirements to ../../../build/ros2_bot/ros2_bot.egg-info/requires.txt
[0.938s] writing top-level names to ../../../build/ros2_bot/ros2_bot.egg-info/top_level.txt
[0.940s] reading manifest file '../../../build/ros2_bot/ros2_bot.egg-info/SOURCES.txt'
[0.941s] writing manifest file '../../../build/ros2_bot/ros2_bot.egg-info/SOURCES.txt'
[0.941s] running build
[0.941s] running build_py
[0.941s] running install
[0.942s] running install_lib
[0.943s] running install_data
[0.943s] copying urdf/ros2_bot.urdf -> /home/server/pc_ws/install/ros2_bot/share/ros2_bot/urdf
[0.944s] running install_egg_info
[0.945s] removing '/home/server/pc_ws/install/ros2_bot/lib/python3.10/site-packages/ros2_bot-0.0.0-py3.10.egg-info' (and everything under it)
[0.946s] Copying ../../../build/ros2_bot/ros2_bot.egg-info to /home/server/pc_ws/install/ros2_bot/lib/python3.10/site-packages/ros2_bot-0.0.0-py3.10.egg-info
[0.947s] running install_scripts
[0.966s] writing list of installed files to '/home/server/pc_ws/build/ros2_bot/install.log'
[0.995s] Invoked command in '/home/server/pc_ws/src/ros2_bot/ros2_bot' returned '0': PYTHONPATH=/home/server/pc_ws/build/ros2_bot/prefix_override:/home/server/pc_ws/install/ros2_bot/lib/python3.10/site-packages:${PYTHONPATH} /usr/bin/python3 setup.py egg_info --egg-base ../../../build/ros2_bot build --build-base /home/server/pc_ws/build/ros2_bot/build install --record /home/server/pc_ws/build/ros2_bot/install.log --single-version-externally-managed
