[0.736s] Invoking command in '/home/server/pc_ws/src/ros2_bot/ros2_bot': PYTHONPATH=/home/server/pc_ws/build/ros2_bot/prefix_override:/home/server/pc_ws/install/ros2_bot/lib/python3.10/site-packages:${PYTHONPATH} /usr/bin/python3 setup.py egg_info --egg-base ../../../build/ros2_bot build --build-base /home/server/pc_ws/build/ros2_bot/build install --record /home/server/pc_ws/build/ros2_bot/install.log --single-version-externally-managed
[1.015s] running egg_info
[1.015s] writing ../../../build/ros2_bot/ros2_bot.egg-info/PKG-INFO
[1.016s] writing dependency_links to ../../../build/ros2_bot/ros2_bot.egg-info/dependency_links.txt
[1.016s] writing entry points to ../../../build/ros2_bot/ros2_bot.egg-info/entry_points.txt
[1.016s] writing requirements to ../../../build/ros2_bot/ros2_bot.egg-info/requires.txt
[1.016s] writing top-level names to ../../../build/ros2_bot/ros2_bot.egg-info/top_level.txt
[1.018s] reading manifest file '../../../build/ros2_bot/ros2_bot.egg-info/SOURCES.txt'
[1.019s] writing manifest file '../../../build/ros2_bot/ros2_bot.egg-info/SOURCES.txt'
[1.019s] running build
[1.019s] running build_py
[1.019s] running install
[1.020s] running install_lib
[1.021s] running install_data
[1.021s] copying urdf/ros2_bot.urdf -> /home/server/pc_ws/install/ros2_bot/share/ros2_bot/urdf
[1.022s] running install_egg_info
[1.023s] removing '/home/server/pc_ws/install/ros2_bot/lib/python3.10/site-packages/ros2_bot-0.0.0-py3.10.egg-info' (and everything under it)
[1.023s] Copying ../../../build/ros2_bot/ros2_bot.egg-info to /home/server/pc_ws/install/ros2_bot/lib/python3.10/site-packages/ros2_bot-0.0.0-py3.10.egg-info
[1.025s] running install_scripts
[1.048s] Installing py_node script to /home/server/pc_ws/install/ros2_bot/lib/ros2_bot
[1.048s] writing list of installed files to '/home/server/pc_ws/build/ros2_bot/install.log'
[1.081s] Invoked command in '/home/server/pc_ws/src/ros2_bot/ros2_bot' returned '0': PYTHONPATH=/home/server/pc_ws/build/ros2_bot/prefix_override:/home/server/pc_ws/install/ros2_bot/lib/python3.10/site-packages:${PYTHONPATH} /usr/bin/python3 setup.py egg_info --egg-base ../../../build/ros2_bot build --build-base /home/server/pc_ws/build/ros2_bot/build install --record /home/server/pc_ws/build/ros2_bot/install.log --single-version-externally-managed
