[0.729s] Invoking command in '/home/server/pc_ws/src/ros2_bot/ros2_bot': PYTHONPATH=/home/server/pc_ws/build/ros2_bot/prefix_override:/home/server/pc_ws/install/ros2_bot/lib/python3.10/site-packages:${PYTHONPATH} /usr/bin/python3 setup.py egg_info --egg-base ../../../build/ros2_bot build --build-base /home/server/pc_ws/build/ros2_bot/build install --record /home/server/pc_ws/build/ros2_bot/install.log --single-version-externally-managed
[1.019s] running egg_info
[1.020s] writing ../../../build/ros2_bot/ros2_bot.egg-info/PKG-INFO
[1.020s] writing dependency_links to ../../../build/ros2_bot/ros2_bot.egg-info/dependency_links.txt
[1.020s] writing entry points to ../../../build/ros2_bot/ros2_bot.egg-info/entry_points.txt
[1.020s] writing requirements to ../../../build/ros2_bot/ros2_bot.egg-info/requires.txt
[1.021s] writing top-level names to ../../../build/ros2_bot/ros2_bot.egg-info/top_level.txt
[1.024s] reading manifest file '../../../build/ros2_bot/ros2_bot.egg-info/SOURCES.txt'
[1.026s] writing manifest file '../../../build/ros2_bot/ros2_bot.egg-info/SOURCES.txt'
[1.026s] running build
[1.026s] running build_py
[1.027s] running install
[1.027s] running install_lib
[1.029s] running install_data
[1.030s] copying launch/gazebo.launch.py -> /home/server/pc_ws/install/ros2_bot/share/ros2_bot/launch
[1.030s] running install_egg_info
[1.032s] removing '/home/server/pc_ws/install/ros2_bot/lib/python3.10/site-packages/ros2_bot-0.0.0-py3.10.egg-info' (and everything under it)
[1.032s] Copying ../../../build/ros2_bot/ros2_bot.egg-info to /home/server/pc_ws/install/ros2_bot/lib/python3.10/site-packages/ros2_bot-0.0.0-py3.10.egg-info
[1.033s] running install_scripts
[1.054s] Installing py_node script to /home/server/pc_ws/install/ros2_bot/lib/ros2_bot
[1.054s] writing list of installed files to '/home/server/pc_ws/build/ros2_bot/install.log'
[1.091s] Invoked command in '/home/server/pc_ws/src/ros2_bot/ros2_bot' returned '0': PYTHONPATH=/home/server/pc_ws/build/ros2_bot/prefix_override:/home/server/pc_ws/install/ros2_bot/lib/python3.10/site-packages:${PYTHONPATH} /usr/bin/python3 setup.py egg_info --egg-base ../../../build/ros2_bot build --build-base /home/server/pc_ws/build/ros2_bot/build install --record /home/server/pc_ws/build/ros2_bot/install.log --single-version-externally-managed
